<?xml version="1.0" encoding="UTF-8"?>
<testsuite xmlns:xsi="http://www.w3.org/2001/XMLSchema-instance" xsi:noNamespaceSchemaLocation="https://maven.apache.org/surefire/maven-surefire-plugin/xsd/surefire-test-report.xsd" name="MonsterlanApplicationTests" time="12.873" tests="1" errors="1" skipped="0" failures="0">
  <properties>
[...]
</properties>
  <testcase name="contextLoads" classname="MonsterlanApplicationTests" time="0.829">
    <error message="StatementCallback; bad SQL grammar [select * from springboot]; nested exception is java.sql.SQLSyntaxErrorException: Table &apos;springboot.springboot&apos; doesn&apos;t exist" type="org.springframework.jdbc.BadSqlGrammarException">org.springframework.jdbc.BadSqlGrammarException: StatementCallback; bad SQL grammar [select * from springboot]; nested exception is java.sql.SQLSyntaxErrorException: Table 'springboot.springboot' doesn't exist
	at MonsterlanApplicationTests.contextLoads(MonsterlanApplicationTests.java:37)
Caused by: java.sql.SQLSyntaxErrorException: Table 'springboot.springboot' doesn't exist
	at MonsterlanApplicationTests.contextLoads(MonsterlanApplicationTests.java:37)
</error>
    <system-out><![CDATA[2019-05-18 11:49:05,942 yyyy-MM-dd HH:mm:ss INFO [org.springframework.boot.test.context.SpringBootTestContextBootstrapper] Neither @ContextConfiguration nor @ContextHierarchy found for test class [MonsterlanApplicationTests], using SpringBootContextLoader
2019-05-18 11:49:05,952 yyyy-MM-dd HH:mm:ss INFO [org.springframework.test.context.support.AbstractContextLoader] Could not detect default resource locations for test class [MonsterlanApplicationTests]: no resource found for suffixes {-context.xml, Context.groovy}.
2019-05-18 11:49:06,421 yyyy-MM-dd HH:mm:ss INFO [org.springframework.boot.test.context.SpringBootTestContextBootstrapper] Loaded default TestExecutionListener class names from location [META-INF/spring.factories]: [org.springframework.boot.test.mock.mockito.MockitoTestExecutionListener, org.springframework.boot.test.mock.mockito.ResetMocksTestExecutionListener, org.springframework.boot.test.autoconfigure.restdocs.RestDocsTestExecutionListener, org.springframework.boot.test.autoconfigure.web.client.MockRestServiceServerResetTestExecutionListener, org.springframework.boot.test.autoconfigure.web.servlet.MockMvcPrintOnlyOnFailureTestExecutionListener, org.springframework.boot.test.autoconfigure.web.servlet.WebDriverTestExecutionListener, org.springframework.test.context.web.ServletTestExecutionListener, org.springframework.test.context.support.DirtiesContextBeforeModesTestExecutionListener, org.springframework.test.context.support.DependencyInjectionTestExecutionListener, org.springframework.test.context.support.DirtiesContextTestExecutionListener, org.springframework.test.context.transaction.TransactionalTestExecutionListener, org.springframework.test.context.jdbc.SqlScriptsTestExecutionListener]
2019-05-18 11:49:06,468 yyyy-MM-dd HH:mm:ss INFO [org.springframework.boot.test.context.SpringBootTestContextBootstrapper] Using TestExecutionListeners: [org.springframework.test.context.web.ServletTestExecutionListener@1df66b6, org.springframework.test.context.support.DirtiesContextBeforeModesTestExecutionListener@eac852, org.springframework.boot.test.mock.mockito.MockitoTestExecutionListener@ec5519, org.springframework.boot.test.autoconfigure.SpringBootDependencyInjectionTestExecutionListener@f7298b, org.springframework.test.context.support.DirtiesContextTestExecutionListener@8715b5, org.springframework.test.context.transaction.TransactionalTestExecutionListener@a9f6af, org.springframework.test.context.jdbc.SqlScriptsTestExecutionListener@192cfe, org.springframework.boot.test.mock.mockito.ResetMocksTestExecutionListener@119fb47, org.springframework.boot.test.autoconfigure.restdocs.RestDocsTestExecutionListener@193666c, org.springframework.boot.test.autoconfigure.web.client.MockRestServiceServerResetTestExecutionListener@deea7f, org.springframework.boot.test.autoconfigure.web.servlet.MockMvcPrintOnlyOnFailureTestExecutionListener@1835c46, org.springframework.boot.test.autoconfigure.web.servlet.WebDriverTestExecutionListener@1de4cb2]
2019-05-18 11:49:06,956 yyyy-MM-dd HH:mm:ss INFO [org.hibernate.validator.internal.util.Version] HV000001: Hibernate Validator 6.0.16.Final

  .   ____          _            __ _ _
 /\\ / ___'_ __ _ _(_)_ __  __ _ \ \ \ \
( ( )\___ | '_ | '_| | '_ \/ _` | \ \ \ \
 \\/  ___)| |_)| | | | | || (_| |  ) ) ) )
  '  |____| .__|_| |_|_| |_\__, | / / / /
 =========|_|==============|___/=/_/_/_/
 :: Spring Boot ::        (v2.1.4.RELEASE)

2019-05-18 11:49:08,276 yyyy-MM-dd HH:mm:ss INFO [MonsterlanApplicationTests] Starting MonsterlanApplicationTests on lida with PID 16580 (started by ld in C:\Users\ld\workspace_ee_32\spring-boot-demo\spring-batch)
2019-05-18 11:49:08,283 yyyy-MM-dd HH:mm:ss INFO [MonsterlanApplicationTests] No active profile set, falling back to default profiles: default
2019-05-18 11:49:10,879 yyyy-MM-dd HH:mm:ss INFO [org.springframework.data.repository.config.RepositoryConfigurationDelegate] Bootstrapping Spring Data repositories in DEFAULT mode.
2019-05-18 11:49:10,944 yyyy-MM-dd HH:mm:ss INFO [org.springframework.data.repository.config.RepositoryConfigurationDelegate] Finished Spring Data repository scanning in 56ms. Found 0 repository interfaces.
2019-05-18 11:49:11,931 yyyy-MM-dd HH:mm:ss INFO [org.springframework.context.support.PostProcessorRegistrationDelegate$BeanPostProcessorChecker] Bean 'org.springframework.transaction.annotation.ProxyTransactionManagementConfiguration' of type [org.springframework.transaction.annotation.ProxyTransactionManagementConfiguration$$EnhancerBySpringCGLIB$$2731a28c] is not eligible for getting processed by all BeanPostProcessors (for example: not eligible for auto-proxying)
2019-05-18 11:49:14,656 yyyy-MM-dd HH:mm:ss INFO [org.springframework.scheduling.concurrent.ThreadPoolTaskExecutor] Initializing ExecutorService 'applicationTaskExecutor'
2019-05-18 11:49:15,465 yyyy-MM-dd HH:mm:ss INFO [com.zaxxer.hikari.HikariDataSource] HikariPool-1 - Starting...
2019-05-18 11:49:15,475 yyyy-MM-dd HH:mm:ss WARN [com.zaxxer.hikari.util.DriverDataSource] Registered driver with driverClassName=com.mysql.jdbc.Driver was not found, trying direct instantiation.
2019-05-18 11:49:16,074 yyyy-MM-dd HH:mm:ss INFO [com.zaxxer.hikari.HikariDataSource] HikariPool-1 - Start completed.
2019-05-18 11:49:16,090 yyyy-MM-dd HH:mm:ss INFO [org.springframework.batch.core.repository.support.JobRepositoryFactoryBean] No database type set, using meta data indicating: MYSQL
2019-05-18 11:49:16,167 yyyy-MM-dd HH:mm:ss INFO [org.springframework.batch.core.launch.support.SimpleJobLauncher] No TaskExecutor has been set, defaulting to synchronous executor.
2019-05-18 11:49:16,878 yyyy-MM-dd HH:mm:ss INFO [MonsterlanApplicationTests] Started MonsterlanApplicationTests in 10.285 seconds (JVM running for 12.569)
HikariDataSource (HikariPool-1)
com.zaxxer.hikari.HikariDataSource
org.springframework.boot.autoconfigure.jdbc.DataSourceProperties@d91d8d
]]></system-out>
    <system-err><![CDATA[Loading class `com.mysql.jdbc.Driver'. This is deprecated. The new driver class is `com.mysql.cj.jdbc.Driver'. The driver is automatically registered via the SPI and manual loading of the driver class is generally unnecessary.
]]></system-err>
  </testcase>
</testsuite>